<?xml version="1.0" encoding="UTF-8"?>
<!-- Generated by org.testng.reporters.JUnitXMLReporter -->
<testsuite hostname="DESKTOP-GORB4NR" ignored="0" name="Default test" tests="8" failures="0" timestamp="31 Mar 2020 15:32:30 GMT" time="0.341" errors="0">
  <testcase name="BusinessLoanAPISignIn" time="0.044" classname="tests.Day4"/>
  <testcase name="CarLoanAPISignIn" time="0.003" classname="tests.Day4"/>
  <testcase name="FarmLoanAPISignIn" time="0.008" classname="tests.Day4"/>
  <testcase name="HolidayLoanAPISignIn" time="0.006" classname="tests.Day4"/>
  <testcase name="HomeLoanAPISignIn" time="0.002" classname="tests.Day4"/>
  <testcase name="InsuranceLoanAPISignIn" time="0.002" classname="tests.Day4"/>
  <testcase name="MortgageLoanAPISignIn" time="0.009" classname="tests.Day4"/>
  <testcase name="SchoolLoanAPISignIn" time="0.003" classname="tests.Day4"/>
</testsuite> <!-- Default test -->
