<?xml version="1.0" encoding="UTF-8"?>
<!-- Generated by org.testng.reporters.JUnitXMLReporter -->
<testsuite hostname="DESKTOP-GORB4NR" ignored="0" name="Family Loan" tests="8" failures="0" timestamp="31 Mar 2020 16:09:54 GMT" time="0.064" errors="0">
  <testcase name="BusinessLoanLinuxSignIn" time="0.0" classname="tests.Day5"/>
  <testcase name="CarLoanLinuxSignIn" time="0.0" classname="tests.Day5"/>
  <testcase name="FarmLoanLinuxSignIn" time="0.0" classname="tests.Day5"/>
  <testcase name="HolidayLoanLinuxSignIn" time="0.0" classname="tests.Day5"/>
  <testcase name="HomeLoanLinuxSignIn" time="0.0" classname="tests.Day5"/>
  <testcase name="InsuranceLoanLinuxSignIn" time="0.0" classname="tests.Day5"/>
  <testcase name="MortgageLoanLinuxSignIn" time="0.0" classname="tests.Day5"/>
  <testcase name="SchoolLoanLinuxSignIn" time="0.049" classname="tests.Day5"/>
</testsuite> <!-- Family Loan -->
