<?xml version="1.0" encoding="UTF-8"?>
<!-- Generated by org.testng.reporters.JUnitXMLReporter -->
<testsuite hostname="DESKTOP-GORB4NR" ignored="0" name="Personal Loan" tests="32" failures="0" timestamp="31 Mar 2020 16:09:54 GMT" time="0.248" errors="0">
  <testcase name="BusinessLoanMacSignIn" time="0.031" classname="tests.Day4"/>
  <testcase name="CarLoanMacSignIn" time="0.0" classname="tests.Day4"/>
  <testcase name="FarmLoanMacSignIn" time="0.0" classname="tests.Day4"/>
  <testcase name="HolidayLoanMacSignIn" time="0.015" classname="tests.Day4"/>
  <testcase name="HomeLoanMacSignIn" time="0.0" classname="tests.Day4"/>
  <testcase name="InsuranceLoanMacSignIn" time="0.0" classname="tests.Day4"/>
  <testcase name="MortgageLoanMacSignIn" time="0.0" classname="tests.Day4"/>
  <testcase name="SchoolLoanMacSignIn" time="0.0" classname="tests.Day4"/>
  <testcase name="BusinessLoanAPISignIn" time="0.015" classname="tests.Day3"/>
  <testcase name="CarLoanAPISignIn" time="0.0" classname="tests.Day3"/>
  <testcase name="FarmLoanAPISignIn" time="0.0" classname="tests.Day3"/>
  <testcase name="HolidayLoanAPISignIn" time="0.0" classname="tests.Day3"/>
  <testcase name="HomeLoanAPISignIn" time="0.016" classname="tests.Day3"/>
  <testcase name="InsuranceLoanAPISignIn" time="0.0" classname="tests.Day3"/>
  <testcase name="MortgageLoanAPISignIn" time="0.0" classname="tests.Day3"/>
  <testcase name="SchoolLoanAPISignIn" time="0.0" classname="tests.Day3"/>
  <testcase name="BusinessLoanMobileSignIn" time="0.016" classname="tests.Day2"/>
  <testcase name="CarLoanMobileSignIn" time="0.015" classname="tests.Day2"/>
  <testcase name="FarmLoanMobileSignIn" time="0.0" classname="tests.Day2"/>
  <testcase name="HolidayLoanMobileSignIn" time="0.0" classname="tests.Day2"/>
  <testcase name="HomeLoanMobileSignIn" time="0.0" classname="tests.Day2"/>
  <testcase name="InsuranceLoanMobileSignIn" time="0.016" classname="tests.Day2"/>
  <testcase name="MortgageLoanMobileSignIn" time="0.016" classname="tests.Day2"/>
  <testcase name="SchoolLoanMobileSignIn" time="0.0" classname="tests.Day2"/>
  <testcase name="BusinessLoanWebSignIn" time="0.0" classname="tests.Day1"/>
  <testcase name="CarLoanWebSignIn" time="0.0" classname="tests.Day1"/>
  <testcase name="FarmLoanWebSignIn" time="0.0" classname="tests.Day1"/>
  <testcase name="HolidayLoanWebSignIn" time="0.016" classname="tests.Day1"/>
  <testcase name="HomeLoanWebSignIn" time="0.0" classname="tests.Day1"/>
  <testcase name="InsuranceLoanWebSignIn" time="0.0" classname="tests.Day1"/>
  <testcase name="MortgageLoanWebSignIn" time="0.0" classname="tests.Day1"/>
  <testcase name="SchoolLoanWebSignIn" time="0.0" classname="tests.Day1"/>
</testsuite> <!-- Personal Loan -->
