<?xml version="1.0" encoding="UTF-8"?>
<!-- Generated by org.testng.reporters.JUnitXMLReporter -->
<testsuite hostname="DESKTOP-GORB4NR" ignored="35" name="Regression" tests="5" failures="0" timestamp="02 Apr 2020 21:48:14 GMT" time="0.128" errors="0">
  <testcase name="MortgageLoanLinuxSignIn" time="0.022" classname="tests.Day5"/>
  <testcase name="MortgageLoanMacSignIn" time="0.002" classname="tests.Day4"/>
  <testcase name="BusinessLoanAPISignIn" time="0.002" classname="tests.Day3"/>
  <testcase name="BusinessLoanMobileSignIn" time="0.004" classname="tests.Day2"/>
  <testcase name="CarLoanWebSignIn" time="0.024" classname="tests.Day1"/>
  <testcase name="InsuranceLoanLinuxSignIn" time="0.0" classname="tests.Day5">
    <ignored/>
  </testcase> <!-- InsuranceLoanLinuxSignIn -->
  <testcase name="InsuranceLoanMobileSignIn" time="0.0" classname="tests.Day2">
    <ignored/>
  </testcase> <!-- InsuranceLoanMobileSignIn -->
  <testcase name="SchoolLoanMobileSignIn" time="0.0" classname="tests.Day2">
    <ignored/>
  </testcase> <!-- SchoolLoanMobileSignIn -->
  <testcase name="HolidayLoanMobileSignIn" time="0.0" classname="tests.Day2">
    <ignored/>
  </testcase> <!-- HolidayLoanMobileSignIn -->
  <testcase name="MortgageLoanMobileSignIn" time="0.0" classname="tests.Day2">
    <ignored/>
  </testcase> <!-- MortgageLoanMobileSignIn -->
  <testcase name="InsuranceLoanWebSignIn" time="0.0" classname="tests.Day1">
    <ignored/>
  </testcase> <!-- InsuranceLoanWebSignIn -->
  <testcase name="HomeLoanWebSignIn" time="0.0" classname="tests.Day1">
    <ignored/>
  </testcase> <!-- HomeLoanWebSignIn -->
  <testcase name="MortgageLoanWebSignIn" time="0.0" classname="tests.Day1">
    <ignored/>
  </testcase> <!-- MortgageLoanWebSignIn -->
  <testcase name="FarmLoanAPISignIn" time="0.0" classname="tests.Day3">
    <ignored/>
  </testcase> <!-- FarmLoanAPISignIn -->
  <testcase name="BusinessLoanMacSignIn" time="0.0" classname="tests.Day4">
    <ignored/>
  </testcase> <!-- BusinessLoanMacSignIn -->
  <testcase name="HolidayLoanWebSignIn" time="0.0" classname="tests.Day1">
    <ignored/>
  </testcase> <!-- HolidayLoanWebSignIn -->
  <testcase name="HomeLoanMacSignIn" time="0.0" classname="tests.Day4">
    <ignored/>
  </testcase> <!-- HomeLoanMacSignIn -->
  <testcase name="CarLoanMacSignIn" time="0.0" classname="tests.Day4">
    <ignored/>
  </testcase> <!-- CarLoanMacSignIn -->
  <testcase name="FarmLoanLinuxSignIn" time="0.0" classname="tests.Day5">
    <ignored/>
  </testcase> <!-- FarmLoanLinuxSignIn -->
  <testcase name="CarLoanMobileSignIn" time="0.0" classname="tests.Day2">
    <ignored/>
  </testcase> <!-- CarLoanMobileSignIn -->
  <testcase name="CarLoanLinuxSignIn" time="0.0" classname="tests.Day5">
    <ignored/>
  </testcase> <!-- CarLoanLinuxSignIn -->
  <testcase name="BusinessLoanWebSignIn" time="0.0" classname="tests.Day1">
    <ignored/>
  </testcase> <!-- BusinessLoanWebSignIn -->
  <testcase name="FarmLoanMobileSignIn" time="0.0" classname="tests.Day2">
    <ignored/>
  </testcase> <!-- FarmLoanMobileSignIn -->
  <testcase name="FarmLoanMacSignIn" time="0.0" classname="tests.Day4">
    <ignored/>
  </testcase> <!-- FarmLoanMacSignIn -->
  <testcase name="SchoolLoanWebSignIn" time="0.0" classname="tests.Day1">
    <ignored/>
  </testcase> <!-- SchoolLoanWebSignIn -->
  <testcase name="FarmLoanWebSignIn" time="0.0" classname="tests.Day1">
    <ignored/>
  </testcase> <!-- FarmLoanWebSignIn -->
  <testcase name="SchoolLoanMacSignIn" time="0.0" classname="tests.Day4">
    <ignored/>
  </testcase> <!-- SchoolLoanMacSignIn -->
  <testcase name="HolidayLoanAPISignIn" time="0.0" classname="tests.Day3">
    <ignored/>
  </testcase> <!-- HolidayLoanAPISignIn -->
  <testcase name="HolidayLoanLinuxSignIn" time="0.0" classname="tests.Day5">
    <ignored/>
  </testcase> <!-- HolidayLoanLinuxSignIn -->
  <testcase name="SchoolLoanLinuxSignIn" time="0.0" classname="tests.Day5">
    <ignored/>
  </testcase> <!-- SchoolLoanLinuxSignIn -->
  <testcase name="CarLoanAPISignIn" time="0.0" classname="tests.Day3">
    <ignored/>
  </testcase> <!-- CarLoanAPISignIn -->
  <testcase name="HolidayLoanMacSignIn" time="0.0" classname="tests.Day4">
    <ignored/>
  </testcase> <!-- HolidayLoanMacSignIn -->
  <testcase name="InsuranceLoanMacSignIn" time="0.0" classname="tests.Day4">
    <ignored/>
  </testcase> <!-- InsuranceLoanMacSignIn -->
  <testcase name="HomeLoanLinuxSignIn" time="0.0" classname="tests.Day5">
    <ignored/>
  </testcase> <!-- HomeLoanLinuxSignIn -->
  <testcase name="HomeLoanMobileSignIn" time="0.0" classname="tests.Day2">
    <ignored/>
  </testcase> <!-- HomeLoanMobileSignIn -->
  <testcase name="HomeLoanAPISignIn" time="0.0" classname="tests.Day3">
    <ignored/>
  </testcase> <!-- HomeLoanAPISignIn -->
  <testcase name="InsuranceLoanAPISignIn" time="0.0" classname="tests.Day3">
    <ignored/>
  </testcase> <!-- InsuranceLoanAPISignIn -->
  <testcase name="BusinessLoanLinuxSignIn" time="0.0" classname="tests.Day5">
    <ignored/>
  </testcase> <!-- BusinessLoanLinuxSignIn -->
  <testcase name="SchoolLoanAPISignIn" time="0.0" classname="tests.Day3">
    <ignored/>
  </testcase> <!-- SchoolLoanAPISignIn -->
  <testcase name="MortgageLoanAPISignIn" time="0.0" classname="tests.Day3">
    <ignored/>
  </testcase> <!-- MortgageLoanAPISignIn -->
</testsuite> <!-- Regression -->
